<?xml version="1.0" encoding="UTF-8"?>
<TestRun id="7d3b0afd-0686-4966-9f29-07b0a7d74f2b" name="Administrator@POOH-PC 2014-06-08 21:13:40" runUser="Pooh-PC\Administrator" xmlns="http://microsoft.com/schemas/VisualStudio/TeamTest/2010">
  <TestSettings name="Local" id="0f5ccd24-3add-4bcc-bfce-3df46712b220">
    <Description>These are default test settings for a local test run.</Description>
    <Deployment enabled="false" runDeploymentRoot="Administrator_POOH-PC 2014-06-08 21_13_40">
      <DeploymentItem filename="D:\NIDA Software Engineer #3\CI7912 - Object-Oriented Analysis and Design\Project\NHibernate-3.3.3.GA-bin\Required_Bins\Iesi.Collections.dll" />
      <DeploymentItem filename="D:\NIDA Software Engineer #3\CI7912 - Object-Oriented Analysis and Design\Project\Survey\Survey\bin\Debug\SurveyModel.dll" />
      <DeploymentItem filename="D:\NIDA Software Engineer #3\CI7912 - Object-Oriented Analysis and Design\Project\NHibernate-3.3.3.GA-bin\Required_Bins\NHibernate.dll" />
      <DeploymentItem filename="D:\NIDA Software Engineer #3\CI7912 - Object-Oriented Analysis and Design\Project\Survey\SurveyORM\bin\Debug\SurveyORM.dll" />
    </Deployment>
    <Execution>
      <TestTypeSpecific />
      <AgentRule name="Execution Agents">
      </AgentRule>
    </Execution>
  </TestSettings>
  <Times creation="2014-06-08T21:13:40.1932282+07:00" queuing="2014-06-08T21:13:40.4182411+07:00" start="2014-06-08T21:13:40.4252415+07:00" finish="2014-06-08T21:13:44.1504545+07:00" />
  <ResultSummary outcome="Failed">
    <Counters total="1" executed="1" error="0" failed="1" timeout="0" aborted="0" inconclusive="0" passedButRunAborted="0" notRunnable="0" notExecuted="0" disconnected="0" warning="0" passed="0" completed="0" inProgress="0" pending="0" />
  </ResultSummary>
  <TestDefinitions>
    <UnitTest name="Test_ORM" storage="d:\nida software engineer #3\ci7912 - object-oriented analysis and design\project\survey\testsurvey\bin\debug\testsurvey.dll" id="7aca0496-002c-7d60-37df-61d0916a9cfa">
      <Execution id="290f5cfd-3841-4ea5-b2c7-3d34661708ce" />
      <TestMethod codeBase="D:/NIDA Software Engineer #3/CI7912 - Object-Oriented Analysis and Design/Project/Survey/TestSurvey/bin/Debug/TestSurvey.DLL" adapterTypeName="Microsoft.VisualStudio.TestTools.TestTypes.Unit.UnitTestAdapter, Microsoft.VisualStudio.QualityTools.Tips.UnitTest.Adapter, Version=10.0.0.0, Culture=neutral, PublicKeyToken=b03f5f7f11d50a3a" className="TestSurvey.UnitTest1, TestSurvey, Version=1.0.0.0, Culture=neutral, PublicKeyToken=null" name="Test_ORM" />
    </UnitTest>
  </TestDefinitions>
  <TestLists>
    <TestList name="Results Not in a List" id="8c84fa94-04c1-424b-9868-57a2d4851a1d" />
    <TestList name="All Loaded Results" id="19431567-8539-422a-85d7-44ee4e166bda" />
  </TestLists>
  <TestEntries>
    <TestEntry testId="7aca0496-002c-7d60-37df-61d0916a9cfa" executionId="290f5cfd-3841-4ea5-b2c7-3d34661708ce" testListId="8c84fa94-04c1-424b-9868-57a2d4851a1d" />
  </TestEntries>
  <Results>
    <UnitTestResult executionId="290f5cfd-3841-4ea5-b2c7-3d34661708ce" testId="7aca0496-002c-7d60-37df-61d0916a9cfa" testName="Test_ORM" computerName="POOH-PC" duration="00:00:03.1833017" startTime="2014-06-08T21:13:40.4382422+07:00" endTime="2014-06-08T21:13:44.0564492+07:00" testType="13cdc9d9-ddb5-4fa4-a97d-d965ccfc6d4b" outcome="Failed" testListId="8c84fa94-04c1-424b-9868-57a2d4851a1d" relativeResultsDirectory="290f5cfd-3841-4ea5-b2c7-3d34661708ce">
      <Output>
        <ErrorInfo>
          <Message>Test method TestSurvey.UnitTest1.Test_ORM threw exception: 
System.TypeInitializationException: The type initializer for 'TestSurvey.TestSessionContext' threw an exception. ---&gt; NHibernate.MappingException: An association from the table LikertItemResponse refers to an unmapped class: Survey.LikertResponse</Message>
          <StackTrace>    at TestSurvey.TestSessionContext..cctor() in D:\NIDA Software Engineer #3\CI7912 - Object-Oriented Analysis and Design\Project\Survey\TestSurvey\TestSessionContext.cs:line 29
 --- End of inner exception stack trace ---
    at TestSurvey.TestSessionContext..ctor()
   at TestSurvey.UnitTest1.Test_ORM() in D:\NIDA Software Engineer #3\CI7912 - Object-Oriented Analysis and Design\Project\Survey\TestSurvey\UnitTest1.cs:line 64
</StackTrace>
        </ErrorInfo>
      </Output>
    </UnitTestResult>
  </Results>
</TestRun>